Get rate of Pet_Supplies
Done with Pet_Supplies-reviews
Get rate of Appliances
Done with Appliances-reviews
Get rate of Home_and_Kitchen
Done with Home_and_Kitchen-reviews
Get rate of Movies_and_TV
Done with Movies_and_TV-reviews
Get rate of Software
Done with Software-reviews
Get rate of Automotive
Done with Automotive-reviews
Get rate of Cell_Phones_and_Accessories
Done with Cell_Phones_and_Accessories-reviews
Get rate of AMAZON_FASHION
Done with AMAZON_FASHION-reviews
Get rate of Electronics
Done with Electronics-reviews
Get rate of Books
Done with Books-reviews
